undefined [undefined] [object Object]: undefined
undefined [undefined] [object Object]: undefined
undefined [undefined] [object Object]: undefined
undefined [undefined] [object Object]: undefined
undefined [undefined] [object Object]: undefined
undefined [undefined] [object Object]: undefined
undefined  [object Object]: undefined
undefined [undefined] [object Object]: undefined
undefined [function createFormatWrap(opts) {
    return new Format(opts);
  }] [object Object]: undefined
undefined  [object Object]: undefined
undefined : [object Object]: undefined
undefined : [object Object]: undefined
undefined  [object Object]: undefined
undefined : [object Object]: undefined
2025-09-23 19:07:43 : info: Server is running on port 
2025-09-23 19:07:58 : info: Server is running on port 3000
2025-09-23 19:08:02 : info: Server is running on port 3000
2025-09-23 19:10:41 : info: Server is running on port 3000
2025-09-23 19:10:43 : info: Server is running on port 3000
2025-09-23 19:11:02 : info: Server is running on port
